<?xml version="1.0" encoding="UTF-8"?>
<!-- Generated by org.testng.reporters.JUnitReportReporter -->
<testsuite skipped="0" hostname="Hasneet3674" name="com.mobileAutomationFramework.base.BaseDriverClass" tests="1" failures="0" timestamp="2019-12-12T07:54:01 IST" time="31.760" errors="0">
  <testcase name="initiate" time="31.760" classname="com.mobileAutomationFramework.base.BaseDriverClass"/>
</testsuite> <!-- com.mobileAutomationFramework.base.BaseDriverClass -->
