<?xml version="1.0" encoding="UTF-8"?>
<!-- Generated by org.testng.reporters.JUnitReportReporter -->
<testsuite skipped="0" hostname="Hasneet3674" name="com.mobileAutomationFramework.testcases.LoginTest" tests="1" failures="0" timestamp="2019-12-14T07:28:32 IST" time="18.301" errors="0">
  <testcase name="loginTest" time="18.301" classname="com.mobileAutomationFramework.testcases.LoginTest"/>
</testsuite> <!-- com.mobileAutomationFramework.testcases.LoginTest -->
